<?xml version="1.0" encoding="UTF-8"?>
<!-- Generated by org.testng.reporters.JUnitXMLReporter -->
<testsuite ignored="0" hostname="HomeDesktop2022" failures="0" tests="0" name="Zoopla.uk" time="0.05" errors="0" timestamp="27 Aug 2022 17:50:49 GMT">
  <testcase classname="io.cucumber.testng.AbstractTestNGCucumberTests" name="@BeforeClass setUpClass" time="0.037">
    <failure type="io.cucumber.core.exception.CucumberException" message="@CucumberOptions(strict=false) is no longer supported. Please use strict=true">
      <![CDATA[io.cucumber.core.exception.CucumberException: @CucumberOptions(strict=false) is no longer supported. Please use strict=true
at io.cucumber.core.options.CucumberOptionsAnnotationParser.addStrict(CucumberOptionsAnnotationParser.java:99)
at io.cucumber.core.options.CucumberOptionsAnnotationParser.parse(CucumberOptionsAnnotationParser.java:43)
at io.cucumber.testng.TestNGCucumberRunner.<init>(TestNGCucumberRunner.java:73)
at io.cucumber.testng.AbstractTestNGCucumberTests.setUpClass(AbstractTestNGCucumberTests.java:23)
... Removed 26 stack frames]]>
    </failure>
  </testcase> <!-- @BeforeClass setUpClass -->
</testsuite> <!-- Zoopla.uk -->
